
Log Entry 11:14:40 AM Saturday, May 30, 2020: 
Table: DocumentFormat.OpenXml.Wordprocessing.Table
Log Entry 11:14:40 AM Saturday, May 30, 2020: 
Table: DocumentFormat.OpenXml.Wordprocessing.Table
Log Entry 11:14:40 AM Saturday, May 30, 2020: 
Row: DocumentFormat.OpenXml.Wordprocessing.TableRow
Log Entry 11:14:40 AM Saturday, May 30, 2020: 
Cell: DocumentFormat.OpenXml.Wordprocessing.TableCell
Log Entry 11:14:40 AM Saturday, May 30, 2020: 
para: DocumentFormat.OpenXml.Wordprocessing.Paragraph
Log Entry 11:14:40 AM Saturday, May 30, 2020: 
run: DocumentFormat.OpenXml.Wordprocessing.Run
Log Entry 11:14:40 AM Saturday, May 30, 2020: 
Text: PHIẾU LƯƠNG
Log Entry 11:14:40 AM Saturday, May 30, 2020: 
Text: PHIẾU LƯƠNG; s: PHIẾU LƯƠNG
Log Entry 11:14:40 AM Saturday, May 30, 2020: 
Row: DocumentFormat.OpenXml.Wordprocessing.TableRow
Log Entry 11:14:40 AM Saturday, May 30, 2020: 
Cell: DocumentFormat.OpenXml.Wordprocessing.TableCell
Log Entry 11:14:40 AM Saturday, May 30, 2020: 
para: DocumentFormat.OpenXml.Wordprocessing.Paragraph
Log Entry 11:14:40 AM Saturday, May 30, 2020: 
Cell: DocumentFormat.OpenXml.Wordprocessing.TableCell
Log Entry 11:14:40 AM Saturday, May 30, 2020: 
para: DocumentFormat.OpenXml.Wordprocessing.Paragraph
Log Entry 11:14:40 AM Saturday, May 30, 2020: 
Cell: DocumentFormat.OpenXml.Wordprocessing.TableCell
Log Entry 11:14:40 AM Saturday, May 30, 2020: 
para: DocumentFormat.OpenXml.Wordprocessing.Paragraph
Log Entry 11:14:40 AM Saturday, May 30, 2020: 
Cell: DocumentFormat.OpenXml.Wordprocessing.TableCell
Log Entry 11:14:40 AM Saturday, May 30, 2020: 
para: DocumentFormat.OpenXml.Wordprocessing.Paragraph
Log Entry 11:14:40 AM Saturday, May 30, 2020: 
Row: DocumentFormat.OpenXml.Wordprocessing.TableRow
Log Entry 11:14:40 AM Saturday, May 30, 2020: 
Cell: DocumentFormat.OpenXml.Wordprocessing.TableCell
Log Entry 11:14:40 AM Saturday, May 30, 2020: 
para: DocumentFormat.OpenXml.Wordprocessing.Paragraph
Log Entry 11:14:40 AM Saturday, May 30, 2020: 
run: DocumentFormat.OpenXml.Wordprocessing.Run
Log Entry 11:14:40 AM Saturday, May 30, 2020: 
Text: Kỳ lương
Log Entry 11:14:40 AM Saturday, May 30, 2020: 
Text: Kỳ lương; s: Kỳ lương
Log Entry 11:14:40 AM Saturday, May 30, 2020: 
Cell: DocumentFormat.OpenXml.Wordprocessing.TableCell
Log Entry 11:14:40 AM Saturday, May 30, 2020: 
para: DocumentFormat.OpenXml.Wordprocessing.Paragraph
Log Entry 11:14:40 AM Saturday, May 30, 2020: 
run: DocumentFormat.OpenXml.Wordprocessing.Run
Log Entry 11:14:40 AM Saturday, May 30, 2020: 
run: DocumentFormat.OpenXml.Wordprocessing.Run
Log Entry 11:14:40 AM Saturday, May 30, 2020: 
run: DocumentFormat.OpenXml.Wordprocessing.Run
Log Entry 11:14:40 AM Saturday, May 30, 2020: 
run: DocumentFormat.OpenXml.Wordprocessing.Run
Log Entry 11:14:40 AM Saturday, May 30, 2020: 
Text: «Var:AT_PERIODNAME»
Log Entry 11:14:40 AM Saturday, May 30, 2020: 
s «Var:AT_PERIODNAME»; s1 AT_PERIODNAME; ValS1 AT_PERIODNAME
Log Entry 11:14:40 AM Saturday, May 30, 2020: 
Text: «Var:AT_PERIODNAME»; s: AT_PERIODNAME
Log Entry 11:14:40 AM Saturday, May 30, 2020: 
run: DocumentFormat.OpenXml.Wordprocessing.Run
Log Entry 11:14:40 AM Saturday, May 30, 2020: 
Cell: DocumentFormat.OpenXml.Wordprocessing.TableCell
Log Entry 11:14:40 AM Saturday, May 30, 2020: 
para: DocumentFormat.OpenXml.Wordprocessing.Paragraph
Log Entry 11:14:40 AM Saturday, May 30, 2020: 
Cell: DocumentFormat.OpenXml.Wordprocessing.TableCell
Log Entry 11:14:40 AM Saturday, May 30, 2020: 
para: DocumentFormat.OpenXml.Wordprocessing.Paragraph
Log Entry 11:14:40 AM Saturday, May 30, 2020: 
Row: DocumentFormat.OpenXml.Wordprocessing.TableRow
Log Entry 11:14:40 AM Saturday, May 30, 2020: 
Cell: DocumentFormat.OpenXml.Wordprocessing.TableCell
Log Entry 11:14:40 AM Saturday, May 30, 2020: 
para: DocumentFormat.OpenXml.Wordprocessing.Paragraph
Log Entry 11:14:40 AM Saturday, May 30, 2020: 
run: DocumentFormat.OpenXml.Wordprocessing.Run
Log Entry 11:14:40 AM Saturday, May 30, 2020: 
Text: Họ tên
Log Entry 11:14:40 AM Saturday, May 30, 2020: 
Text: Họ tên; s: Họ tên
Log Entry 11:14:40 AM Saturday, May 30, 2020: 
Cell: DocumentFormat.OpenXml.Wordprocessing.TableCell
Log Entry 11:14:40 AM Saturday, May 30, 2020: 
para: DocumentFormat.OpenXml.Wordprocessing.Paragraph
Log Entry 11:14:40 AM Saturday, May 30, 2020: 
run: DocumentFormat.OpenXml.Wordprocessing.Run
Log Entry 11:14:40 AM Saturday, May 30, 2020: 
run: DocumentFormat.OpenXml.Wordprocessing.Run
Log Entry 11:14:40 AM Saturday, May 30, 2020: 
run: DocumentFormat.OpenXml.Wordprocessing.Run
Log Entry 11:14:40 AM Saturday, May 30, 2020: 
run: DocumentFormat.OpenXml.Wordprocessing.Run
Log Entry 11:14:40 AM Saturday, May 30, 2020: 
Text: «Var:HU_EMPLOYEENAME»
Log Entry 11:14:40 AM Saturday, May 30, 2020: 
s «Var:HU_EMPLOYEENAME»; s1 HU_EMPLOYEENAME; ValS1 HU_EMPLOYEENAME
Log Entry 11:14:40 AM Saturday, May 30, 2020: 
Text: «Var:HU_EMPLOYEENAME»; s: HU_EMPLOYEENAME
Log Entry 11:14:40 AM Saturday, May 30, 2020: 
run: DocumentFormat.OpenXml.Wordprocessing.Run
Log Entry 11:14:40 AM Saturday, May 30, 2020: 
Cell: DocumentFormat.OpenXml.Wordprocessing.TableCell
Log Entry 11:14:40 AM Saturday, May 30, 2020: 
para: DocumentFormat.OpenXml.Wordprocessing.Paragraph
Log Entry 11:14:40 AM Saturday, May 30, 2020: 
Cell: DocumentFormat.OpenXml.Wordprocessing.TableCell
Log Entry 11:14:40 AM Saturday, May 30, 2020: 
para: DocumentFormat.OpenXml.Wordprocessing.Paragraph
Log Entry 11:14:40 AM Saturday, May 30, 2020: 
Row: DocumentFormat.OpenXml.Wordprocessing.TableRow
Log Entry 11:14:40 AM Saturday, May 30, 2020: 
Cell: DocumentFormat.OpenXml.Wordprocessing.TableCell
Log Entry 11:14:40 AM Saturday, May 30, 2020: 
para: DocumentFormat.OpenXml.Wordprocessing.Paragraph
Log Entry 11:14:40 AM Saturday, May 30, 2020: 
run: DocumentFormat.OpenXml.Wordprocessing.Run
Log Entry 11:14:40 AM Saturday, May 30, 2020: 
Text: Mã
Log Entry 11:14:40 AM Saturday, May 30, 2020: 
Text: Mã; s: Mã
Log Entry 11:14:40 AM Saturday, May 30, 2020: 
Cell: DocumentFormat.OpenXml.Wordprocessing.TableCell
Log Entry 11:14:40 AM Saturday, May 30, 2020: 
para: DocumentFormat.OpenXml.Wordprocessing.Paragraph
Log Entry 11:14:40 AM Saturday, May 30, 2020: 
run: DocumentFormat.OpenXml.Wordprocessing.Run
Log Entry 11:14:40 AM Saturday, May 30, 2020: 
run: DocumentFormat.OpenXml.Wordprocessing.Run
Log Entry 11:14:40 AM Saturday, May 30, 2020: 
run: DocumentFormat.OpenXml.Wordprocessing.Run
Log Entry 11:14:40 AM Saturday, May 30, 2020: 
run: DocumentFormat.OpenXml.Wordprocessing.Run
Log Entry 11:14:40 AM Saturday, May 30, 2020: 
Text: «Var:HU_EMPLOYEECODE»
Log Entry 11:14:40 AM Saturday, May 30, 2020: 
s «Var:HU_EMPLOYEECODE»; s1 HU_EMPLOYEECODE; ValS1 HU_EMPLOYEECODE
Log Entry 11:14:40 AM Saturday, May 30, 2020: 
Text: «Var:HU_EMPLOYEECODE»; s: HU_EMPLOYEECODE
Log Entry 11:14:40 AM Saturday, May 30, 2020: 
run: DocumentFormat.OpenXml.Wordprocessing.Run
Log Entry 11:14:40 AM Saturday, May 30, 2020: 
run: DocumentFormat.OpenXml.Wordprocessing.Run
Log Entry 11:14:40 AM Saturday, May 30, 2020: 
Text:  
Log Entry 11:14:40 AM Saturday, May 30, 2020: 
Text:  ; s:  
Log Entry 11:14:40 AM Saturday, May 30, 2020: 
Cell: DocumentFormat.OpenXml.Wordprocessing.TableCell
Log Entry 11:14:40 AM Saturday, May 30, 2020: 
para: DocumentFormat.OpenXml.Wordprocessing.Paragraph
Log Entry 11:14:40 AM Saturday, May 30, 2020: 
Cell: DocumentFormat.OpenXml.Wordprocessing.TableCell
Log Entry 11:14:40 AM Saturday, May 30, 2020: 
para: DocumentFormat.OpenXml.Wordprocessing.Paragraph
Log Entry 11:14:40 AM Saturday, May 30, 2020: 
Row: DocumentFormat.OpenXml.Wordprocessing.TableRow
Log Entry 11:14:40 AM Saturday, May 30, 2020: 
Cell: DocumentFormat.OpenXml.Wordprocessing.TableCell
Log Entry 11:14:40 AM Saturday, May 30, 2020: 
para: DocumentFormat.OpenXml.Wordprocessing.Paragraph
Log Entry 11:14:40 AM Saturday, May 30, 2020: 
run: DocumentFormat.OpenXml.Wordprocessing.Run
Log Entry 11:14:40 AM Saturday, May 30, 2020: 
Text: Đơn vị
Log Entry 11:14:40 AM Saturday, May 30, 2020: 
Text: Đơn vị; s: Đơn vị
Log Entry 11:14:40 AM Saturday, May 30, 2020: 
Cell: DocumentFormat.OpenXml.Wordprocessing.TableCell
Log Entry 11:14:40 AM Saturday, May 30, 2020: 
para: DocumentFormat.OpenXml.Wordprocessing.Paragraph
Log Entry 11:14:40 AM Saturday, May 30, 2020: 
run: DocumentFormat.OpenXml.Wordprocessing.Run
Log Entry 11:14:40 AM Saturday, May 30, 2020: 
run: DocumentFormat.OpenXml.Wordprocessing.Run
Log Entry 11:14:40 AM Saturday, May 30, 2020: 
run: DocumentFormat.OpenXml.Wordprocessing.Run
Log Entry 11:14:40 AM Saturday, May 30, 2020: 
run: DocumentFormat.OpenXml.Wordprocessing.Run
Log Entry 11:14:40 AM Saturday, May 30, 2020: 
Text: «Var:HU_ORGANIZATIONNAME»
Log Entry 11:14:40 AM Saturday, May 30, 2020: 
s «Var:HU_ORGANIZATIONNAME»; s1 HU_ORGANIZATIONNAME; ValS1 HU_ORGANIZATIONNAME
Log Entry 11:14:40 AM Saturday, May 30, 2020: 
Text: «Var:HU_ORGANIZATIONNAME»; s: HU_ORGANIZATIONNAME
Log Entry 11:14:40 AM Saturday, May 30, 2020: 
run: DocumentFormat.OpenXml.Wordprocessing.Run
Log Entry 11:14:40 AM Saturday, May 30, 2020: 
Cell: DocumentFormat.OpenXml.Wordprocessing.TableCell
Log Entry 11:14:40 AM Saturday, May 30, 2020: 
para: DocumentFormat.OpenXml.Wordprocessing.Paragraph
Log Entry 11:14:40 AM Saturday, May 30, 2020: 
Row: DocumentFormat.OpenXml.Wordprocessing.TableRow
Log Entry 11:14:40 AM Saturday, May 30, 2020: 
Cell: DocumentFormat.OpenXml.Wordprocessing.TableCell
Log Entry 11:14:40 AM Saturday, May 30, 2020: 
para: DocumentFormat.OpenXml.Wordprocessing.Paragraph
Log Entry 11:14:40 AM Saturday, May 30, 2020: 
run: DocumentFormat.OpenXml.Wordprocessing.Run
Log Entry 11:14:40 AM Saturday, May 30, 2020: 
Text: Phụ cấp
Log Entry 11:14:40 AM Saturday, May 30, 2020: 
Text: Phụ cấp; s: Phụ cấp
Log Entry 11:14:40 AM Saturday, May 30, 2020: 
Cell: DocumentFormat.OpenXml.Wordprocessing.TableCell
Log Entry 11:14:40 AM Saturday, May 30, 2020: 
para: DocumentFormat.OpenXml.Wordprocessing.Paragraph
Log Entry 11:14:40 AM Saturday, May 30, 2020: 
run: DocumentFormat.OpenXml.Wordprocessing.Run
Log Entry 11:14:40 AM Saturday, May 30, 2020: 
run: DocumentFormat.OpenXml.Wordprocessing.Run
Log Entry 11:14:40 AM Saturday, May 30, 2020: 
run: DocumentFormat.OpenXml.Wordprocessing.Run
Log Entry 11:14:40 AM Saturday, May 30, 2020: 
run: DocumentFormat.OpenXml.Wordprocessing.Run
Log Entry 11:14:40 AM Saturday, May 30, 2020: 
Text: «Var:ALLOWANCE»
Log Entry 11:14:40 AM Saturday, May 30, 2020: 
s «Var:ALLOWANCE»; s1 ALLOWANCE; ValS1 ALLOWANCE
Log Entry 11:14:40 AM Saturday, May 30, 2020: 
Text: «Var:ALLOWANCE»; s: ALLOWANCE
Log Entry 11:14:40 AM Saturday, May 30, 2020: 
run: DocumentFormat.OpenXml.Wordprocessing.Run
Log Entry 11:14:40 AM Saturday, May 30, 2020: 
Cell: DocumentFormat.OpenXml.Wordprocessing.TableCell
Log Entry 11:14:40 AM Saturday, May 30, 2020: 
para: DocumentFormat.OpenXml.Wordprocessing.Paragraph
Log Entry 11:14:40 AM Saturday, May 30, 2020: 
Cell: DocumentFormat.OpenXml.Wordprocessing.TableCell
Log Entry 11:14:40 AM Saturday, May 30, 2020: 
para: DocumentFormat.OpenXml.Wordprocessing.Paragraph
Log Entry 11:14:40 AM Saturday, May 30, 2020: 
Row: DocumentFormat.OpenXml.Wordprocessing.TableRow
Log Entry 11:14:40 AM Saturday, May 30, 2020: 
Cell: DocumentFormat.OpenXml.Wordprocessing.TableCell
Log Entry 11:14:40 AM Saturday, May 30, 2020: 
para: DocumentFormat.OpenXml.Wordprocessing.Paragraph
Log Entry 11:14:40 AM Saturday, May 30, 2020: 
run: DocumentFormat.OpenXml.Wordprocessing.Run
Log Entry 11:14:40 AM Saturday, May 30, 2020: 
Text: Tổng lương
Log Entry 11:14:40 AM Saturday, May 30, 2020: 
Text: Tổng lương; s: Tổng lương
Log Entry 11:14:40 AM Saturday, May 30, 2020: 
Cell: DocumentFormat.OpenXml.Wordprocessing.TableCell
Log Entry 11:14:40 AM Saturday, May 30, 2020: 
para: DocumentFormat.OpenXml.Wordprocessing.Paragraph
Log Entry 11:14:40 AM Saturday, May 30, 2020: 
run: DocumentFormat.OpenXml.Wordprocessing.Run
Log Entry 11:14:40 AM Saturday, May 30, 2020: 
run: DocumentFormat.OpenXml.Wordprocessing.Run
Log Entry 11:14:40 AM Saturday, May 30, 2020: 
run: DocumentFormat.OpenXml.Wordprocessing.Run
Log Entry 11:14:40 AM Saturday, May 30, 2020: 
run: DocumentFormat.OpenXml.Wordprocessing.Run
Log Entry 11:14:40 AM Saturday, May 30, 2020: 
Text: «Var:TOTAL»
Log Entry 11:14:40 AM Saturday, May 30, 2020: 
s «Var:TOTAL»; s1 TOTAL; ValS1 TOTAL
Log Entry 11:14:40 AM Saturday, May 30, 2020: 
Text: «Var:TOTAL»; s: TOTAL
Log Entry 11:14:40 AM Saturday, May 30, 2020: 
run: DocumentFormat.OpenXml.Wordprocessing.Run
Log Entry 11:14:40 AM Saturday, May 30, 2020: 
Cell: DocumentFormat.OpenXml.Wordprocessing.TableCell
Log Entry 11:14:40 AM Saturday, May 30, 2020: 
para: DocumentFormat.OpenXml.Wordprocessing.Paragraph
Log Entry 11:14:40 AM Saturday, May 30, 2020: 
Cell: DocumentFormat.OpenXml.Wordprocessing.TableCell
Log Entry 11:14:40 AM Saturday, May 30, 2020: 
para: DocumentFormat.OpenXml.Wordprocessing.Paragraph
Log Entry 11:14:40 AM Saturday, May 30, 2020: 
Row: DocumentFormat.OpenXml.Wordprocessing.TableRow
Log Entry 11:14:40 AM Saturday, May 30, 2020: 
Cell: DocumentFormat.OpenXml.Wordprocessing.TableCell
Log Entry 11:14:40 AM Saturday, May 30, 2020: 
para: DocumentFormat.OpenXml.Wordprocessing.Paragraph
Log Entry 11:14:40 AM Saturday, May 30, 2020: 
run: DocumentFormat.OpenXml.Wordprocessing.Run
Log Entry 11:14:40 AM Saturday, May 30, 2020: 
Text: Thuế
Log Entry 11:14:40 AM Saturday, May 30, 2020: 
Text: Thuế; s: Thuế
Log Entry 11:14:40 AM Saturday, May 30, 2020: 
Cell: DocumentFormat.OpenXml.Wordprocessing.TableCell
Log Entry 11:14:40 AM Saturday, May 30, 2020: 
para: DocumentFormat.OpenXml.Wordprocessing.Paragraph
Log Entry 11:14:40 AM Saturday, May 30, 2020: 
run: DocumentFormat.OpenXml.Wordprocessing.Run
Log Entry 11:14:40 AM Saturday, May 30, 2020: 
run: DocumentFormat.OpenXml.Wordprocessing.Run
Log Entry 11:14:40 AM Saturday, May 30, 2020: 
run: DocumentFormat.OpenXml.Wordprocessing.Run
Log Entry 11:14:40 AM Saturday, May 30, 2020: 
run: DocumentFormat.OpenXml.Wordprocessing.Run
Log Entry 11:14:40 AM Saturday, May 30, 2020: 
Text: «Var:PERSONTAX»
Log Entry 11:14:40 AM Saturday, May 30, 2020: 
s «Var:PERSONTAX»; s1 PERSONTAX; ValS1 PERSONTAX
Log Entry 11:14:40 AM Saturday, May 30, 2020: 
Text: «Var:PERSONTAX»; s: PERSONTAX
Log Entry 11:14:40 AM Saturday, May 30, 2020: 
run: DocumentFormat.OpenXml.Wordprocessing.Run
Log Entry 11:14:40 AM Saturday, May 30, 2020: 
Cell: DocumentFormat.OpenXml.Wordprocessing.TableCell
Log Entry 11:14:40 AM Saturday, May 30, 2020: 
para: DocumentFormat.OpenXml.Wordprocessing.Paragraph
Log Entry 11:14:40 AM Saturday, May 30, 2020: 
Cell: DocumentFormat.OpenXml.Wordprocessing.TableCell
Log Entry 11:14:40 AM Saturday, May 30, 2020: 
para: DocumentFormat.OpenXml.Wordprocessing.Paragraph
Log Entry 11:14:40 AM Saturday, May 30, 2020: 
Row: DocumentFormat.OpenXml.Wordprocessing.TableRow
Log Entry 11:14:40 AM Saturday, May 30, 2020: 
Cell: DocumentFormat.OpenXml.Wordprocessing.TableCell
Log Entry 11:14:40 AM Saturday, May 30, 2020: 
para: DocumentFormat.OpenXml.Wordprocessing.Paragraph
Log Entry 11:14:40 AM Saturday, May 30, 2020: 
Cell: DocumentFormat.OpenXml.Wordprocessing.TableCell
Log Entry 11:14:40 AM Saturday, May 30, 2020: 
para: DocumentFormat.OpenXml.Wordprocessing.Paragraph
Log Entry 11:14:40 AM Saturday, May 30, 2020: 
Cell: DocumentFormat.OpenXml.Wordprocessing.TableCell
Log Entry 11:14:40 AM Saturday, May 30, 2020: 
para: DocumentFormat.OpenXml.Wordprocessing.Paragraph
Log Entry 11:14:40 AM Saturday, May 30, 2020: 
Cell: DocumentFormat.OpenXml.Wordprocessing.TableCell
Log Entry 11:14:40 AM Saturday, May 30, 2020: 
para: DocumentFormat.OpenXml.Wordprocessing.Paragraph
Log Entry 11:14:40 AM Saturday, May 30, 2020: 
Row: DocumentFormat.OpenXml.Wordprocessing.TableRow
Log Entry 11:14:40 AM Saturday, May 30, 2020: 
Cell: DocumentFormat.OpenXml.Wordprocessing.TableCell
Log Entry 11:14:40 AM Saturday, May 30, 2020: 
para: DocumentFormat.OpenXml.Wordprocessing.Paragraph
Log Entry 11:14:40 AM Saturday, May 30, 2020: 
run: DocumentFormat.OpenXml.Wordprocessing.Run
Log Entry 11:14:40 AM Saturday, May 30, 2020: 
Text: STT
Log Entry 11:14:40 AM Saturday, May 30, 2020: 
Text: STT; s: STT
Log Entry 11:14:40 AM Saturday, May 30, 2020: 
Cell: DocumentFormat.OpenXml.Wordprocessing.TableCell
Log Entry 11:14:40 AM Saturday, May 30, 2020: 
para: DocumentFormat.OpenXml.Wordprocessing.Paragraph
Log Entry 11:14:40 AM Saturday, May 30, 2020: 
run: DocumentFormat.OpenXml.Wordprocessing.Run
Log Entry 11:14:40 AM Saturday, May 30, 2020: 
Text: Tên phụ cấp
Log Entry 11:14:40 AM Saturday, May 30, 2020: 
Text: Tên phụ cấp; s: Tên phụ cấp
Log Entry 11:14:40 AM Saturday, May 30, 2020: 
Cell: DocumentFormat.OpenXml.Wordprocessing.TableCell
Log Entry 11:14:40 AM Saturday, May 30, 2020: 
para: DocumentFormat.OpenXml.Wordprocessing.Paragraph
Log Entry 11:14:40 AM Saturday, May 30, 2020: 
run: DocumentFormat.OpenXml.Wordprocessing.Run
Log Entry 11:14:40 AM Saturday, May 30, 2020: 
Text: Số tiền
Log Entry 11:14:40 AM Saturday, May 30, 2020: 
Text: Số tiền; s: Số tiền
Log Entry 11:14:40 AM Saturday, May 30, 2020: 
Cell: DocumentFormat.OpenXml.Wordprocessing.TableCell
Log Entry 11:14:40 AM Saturday, May 30, 2020: 
para: DocumentFormat.OpenXml.Wordprocessing.Paragraph
Log Entry 11:14:40 AM Saturday, May 30, 2020: 
run: DocumentFormat.OpenXml.Wordprocessing.Run
Log Entry 11:14:40 AM Saturday, May 30, 2020: 
Text: Ngày
Log Entry 11:14:40 AM Saturday, May 30, 2020: 
Text: Ngày; s: Ngày
Log Entry 11:14:40 AM Saturday, May 30, 2020: 
Row: DocumentFormat.OpenXml.Wordprocessing.TableRow
Log Entry 11:14:40 AM Saturday, May 30, 2020: 
Cell: DocumentFormat.OpenXml.Wordprocessing.TableCell
Log Entry 11:14:40 AM Saturday, May 30, 2020: 
para: DocumentFormat.OpenXml.Wordprocessing.Paragraph
Log Entry 11:14:40 AM Saturday, May 30, 2020: 
run: DocumentFormat.OpenXml.Wordprocessing.Run
Log Entry 11:14:40 AM Saturday, May 30, 2020: 
run: DocumentFormat.OpenXml.Wordprocessing.Run
Log Entry 11:14:40 AM Saturday, May 30, 2020: 
run: DocumentFormat.OpenXml.Wordprocessing.Run
Log Entry 11:14:40 AM Saturday, May 30, 2020: 
run: DocumentFormat.OpenXml.Wordprocessing.Run
Log Entry 11:14:40 AM Saturday, May 30, 2020: 
Text: «TableStart:DATA»
Log Entry 11:14:40 AM Saturday, May 30, 2020: 
Text: «TableStart:DATA»; s: «TableStart:DATA»
Log Entry 11:14:40 AM Saturday, May 30, 2020: 
run: DocumentFormat.OpenXml.Wordprocessing.Run
Log Entry 11:14:40 AM Saturday, May 30, 2020: 
run: DocumentFormat.OpenXml.Wordprocessing.Run
Log Entry 11:14:40 AM Saturday, May 30, 2020: 
run: DocumentFormat.OpenXml.Wordprocessing.Run
Log Entry 11:14:40 AM Saturday, May 30, 2020: 
run: DocumentFormat.OpenXml.Wordprocessing.Run
Log Entry 11:14:40 AM Saturday, May 30, 2020: 
run: DocumentFormat.OpenXml.Wordprocessing.Run
Log Entry 11:14:40 AM Saturday, May 30, 2020: 
Text: «STT»
Log Entry 11:14:40 AM Saturday, May 30, 2020: 
Text: «STT»; s: «STT»
Log Entry 11:14:40 AM Saturday, May 30, 2020: 
run: DocumentFormat.OpenXml.Wordprocessing.Run
Log Entry 11:14:40 AM Saturday, May 30, 2020: 
Cell: DocumentFormat.OpenXml.Wordprocessing.TableCell
Log Entry 11:14:40 AM Saturday, May 30, 2020: 
para: DocumentFormat.OpenXml.Wordprocessing.Paragraph
Log Entry 11:14:40 AM Saturday, May 30, 2020: 
run: DocumentFormat.OpenXml.Wordprocessing.Run
Log Entry 11:14:40 AM Saturday, May 30, 2020: 
run: DocumentFormat.OpenXml.Wordprocessing.Run
Log Entry 11:14:40 AM Saturday, May 30, 2020: 
run: DocumentFormat.OpenXml.Wordprocessing.Run
Log Entry 11:14:40 AM Saturday, May 30, 2020: 
run: DocumentFormat.OpenXml.Wordprocessing.Run
Log Entry 11:14:40 AM Saturday, May 30, 2020: 
Text: «ALLOWANCENAME»
Log Entry 11:14:40 AM Saturday, May 30, 2020: 
Text: «ALLOWANCENAME»; s: «ALLOWANCENAME»
Log Entry 11:14:40 AM Saturday, May 30, 2020: 
run: DocumentFormat.OpenXml.Wordprocessing.Run
Log Entry 11:14:40 AM Saturday, May 30, 2020: 
Cell: DocumentFormat.OpenXml.Wordprocessing.TableCell
Log Entry 11:14:40 AM Saturday, May 30, 2020: 
para: DocumentFormat.OpenXml.Wordprocessing.Paragraph
Log Entry 11:14:40 AM Saturday, May 30, 2020: 
run: DocumentFormat.OpenXml.Wordprocessing.Run
Log Entry 11:14:40 AM Saturday, May 30, 2020: 
run: DocumentFormat.OpenXml.Wordprocessing.Run
Log Entry 11:14:40 AM Saturday, May 30, 2020: 
run: DocumentFormat.OpenXml.Wordprocessing.Run
Log Entry 11:14:40 AM Saturday, May 30, 2020: 
run: DocumentFormat.OpenXml.Wordprocessing.Run
Log Entry 11:14:40 AM Saturday, May 30, 2020: 
Text: «ALLOWANCE»
Log Entry 11:14:40 AM Saturday, May 30, 2020: 
Text: «ALLOWANCE»; s: «ALLOWANCE»
Log Entry 11:14:40 AM Saturday, May 30, 2020: 
run: DocumentFormat.OpenXml.Wordprocessing.Run
Log Entry 11:14:40 AM Saturday, May 30, 2020: 
Cell: DocumentFormat.OpenXml.Wordprocessing.TableCell
Log Entry 11:14:40 AM Saturday, May 30, 2020: 
para: DocumentFormat.OpenXml.Wordprocessing.Paragraph
Log Entry 11:14:40 AM Saturday, May 30, 2020: 
run: DocumentFormat.OpenXml.Wordprocessing.Run
Log Entry 11:14:40 AM Saturday, May 30, 2020: 
run: DocumentFormat.OpenXml.Wordprocessing.Run
Log Entry 11:14:40 AM Saturday, May 30, 2020: 
run: DocumentFormat.OpenXml.Wordprocessing.Run
Log Entry 11:14:40 AM Saturday, May 30, 2020: 
run: DocumentFormat.OpenXml.Wordprocessing.Run
Log Entry 11:14:40 AM Saturday, May 30, 2020: 
Text: «ALLOWANCEDATE»
Log Entry 11:14:40 AM Saturday, May 30, 2020: 
Text: «ALLOWANCEDATE»; s: «ALLOWANCEDATE»
Log Entry 11:14:40 AM Saturday, May 30, 2020: 
run: DocumentFormat.OpenXml.Wordprocessing.Run
Log Entry 11:14:40 AM Saturday, May 30, 2020: 
run: DocumentFormat.OpenXml.Wordprocessing.Run
Log Entry 11:14:40 AM Saturday, May 30, 2020: 
Text:  
Log Entry 11:14:40 AM Saturday, May 30, 2020: 
Text:  ; s:  
Log Entry 11:14:40 AM Saturday, May 30, 2020: 
run: DocumentFormat.OpenXml.Wordprocessing.Run
Log Entry 11:14:40 AM Saturday, May 30, 2020: 
run: DocumentFormat.OpenXml.Wordprocessing.Run
Log Entry 11:14:40 AM Saturday, May 30, 2020: 
run: DocumentFormat.OpenXml.Wordprocessing.Run
Log Entry 11:14:40 AM Saturday, May 30, 2020: 
run: DocumentFormat.OpenXml.Wordprocessing.Run
Log Entry 11:14:40 AM Saturday, May 30, 2020: 
Text: «TableEnd:DATA»
Log Entry 11:14:40 AM Saturday, May 30, 2020: 
Text: «TableEnd:DATA»; s: «TableEnd:DATA»
Log Entry 11:15:59 AM Saturday, May 30, 2020: 
Table: DocumentFormat.OpenXml.Wordprocessing.Table
Log Entry 11:15:59 AM Saturday, May 30, 2020: 
Table: DocumentFormat.OpenXml.Wordprocessing.Table
Log Entry 11:15:59 AM Saturday, May 30, 2020: 
Row: DocumentFormat.OpenXml.Wordprocessing.TableRow
Log Entry 11:15:59 AM Saturday, May 30, 2020: 
Cell: DocumentFormat.OpenXml.Wordprocessing.TableCell
Log Entry 11:15:59 AM Saturday, May 30, 2020: 
para: DocumentFormat.OpenXml.Wordprocessing.Paragraph
Log Entry 11:15:59 AM Saturday, May 30, 2020: 
run: DocumentFormat.OpenXml.Wordprocessing.Run
Log Entry 11:15:59 AM Saturday, May 30, 2020: 
Text: PHIẾU LƯƠNG
Log Entry 11:15:59 AM Saturday, May 30, 2020: 
Text: PHIẾU LƯƠNG; s: PHIẾU LƯƠNG
Log Entry 11:15:59 AM Saturday, May 30, 2020: 
Row: DocumentFormat.OpenXml.Wordprocessing.TableRow
Log Entry 11:15:59 AM Saturday, May 30, 2020: 
Cell: DocumentFormat.OpenXml.Wordprocessing.TableCell
Log Entry 11:15:59 AM Saturday, May 30, 2020: 
para: DocumentFormat.OpenXml.Wordprocessing.Paragraph
Log Entry 11:15:59 AM Saturday, May 30, 2020: 
Cell: DocumentFormat.OpenXml.Wordprocessing.TableCell
Log Entry 11:15:59 AM Saturday, May 30, 2020: 
para: DocumentFormat.OpenXml.Wordprocessing.Paragraph
Log Entry 11:15:59 AM Saturday, May 30, 2020: 
Cell: DocumentFormat.OpenXml.Wordprocessing.TableCell
Log Entry 11:15:59 AM Saturday, May 30, 2020: 
para: DocumentFormat.OpenXml.Wordprocessing.Paragraph
Log Entry 11:15:59 AM Saturday, May 30, 2020: 
Cell: DocumentFormat.OpenXml.Wordprocessing.TableCell
Log Entry 11:15:59 AM Saturday, May 30, 2020: 
para: DocumentFormat.OpenXml.Wordprocessing.Paragraph
Log Entry 11:15:59 AM Saturday, May 30, 2020: 
Row: DocumentFormat.OpenXml.Wordprocessing.TableRow
Log Entry 11:15:59 AM Saturday, May 30, 2020: 
Cell: DocumentFormat.OpenXml.Wordprocessing.TableCell
Log Entry 11:15:59 AM Saturday, May 30, 2020: 
para: DocumentFormat.OpenXml.Wordprocessing.Paragraph
Log Entry 11:15:59 AM Saturday, May 30, 2020: 
run: DocumentFormat.OpenXml.Wordprocessing.Run
Log Entry 11:15:59 AM Saturday, May 30, 2020: 
Text: Kỳ lương
Log Entry 11:15:59 AM Saturday, May 30, 2020: 
Text: Kỳ lương; s: Kỳ lương
Log Entry 11:15:59 AM Saturday, May 30, 2020: 
Cell: DocumentFormat.OpenXml.Wordprocessing.TableCell
Log Entry 11:15:59 AM Saturday, May 30, 2020: 
para: DocumentFormat.OpenXml.Wordprocessing.Paragraph
Log Entry 11:15:59 AM Saturday, May 30, 2020: 
run: DocumentFormat.OpenXml.Wordprocessing.Run
Log Entry 11:15:59 AM Saturday, May 30, 2020: 
run: DocumentFormat.OpenXml.Wordprocessing.Run
Log Entry 11:15:59 AM Saturday, May 30, 2020: 
run: DocumentFormat.OpenXml.Wordprocessing.Run
Log Entry 11:15:59 AM Saturday, May 30, 2020: 
run: DocumentFormat.OpenXml.Wordprocessing.Run
Log Entry 11:15:59 AM Saturday, May 30, 2020: 
Text: «Var:AT_PERIODNAME»
Log Entry 11:15:59 AM Saturday, May 30, 2020: 
s «Var:AT_PERIODNAME»; s1 AT_PERIODNAME; ValS1 AT_PERIODNAME
Log Entry 11:15:59 AM Saturday, May 30, 2020: 
Text: «Var:AT_PERIODNAME»; s: AT_PERIODNAME
Log Entry 11:15:59 AM Saturday, May 30, 2020: 
run: DocumentFormat.OpenXml.Wordprocessing.Run
Log Entry 11:15:59 AM Saturday, May 30, 2020: 
Cell: DocumentFormat.OpenXml.Wordprocessing.TableCell
Log Entry 11:15:59 AM Saturday, May 30, 2020: 
para: DocumentFormat.OpenXml.Wordprocessing.Paragraph
Log Entry 11:15:59 AM Saturday, May 30, 2020: 
Cell: DocumentFormat.OpenXml.Wordprocessing.TableCell
Log Entry 11:15:59 AM Saturday, May 30, 2020: 
para: DocumentFormat.OpenXml.Wordprocessing.Paragraph
Log Entry 11:15:59 AM Saturday, May 30, 2020: 
Row: DocumentFormat.OpenXml.Wordprocessing.TableRow
Log Entry 11:15:59 AM Saturday, May 30, 2020: 
Cell: DocumentFormat.OpenXml.Wordprocessing.TableCell
Log Entry 11:15:59 AM Saturday, May 30, 2020: 
para: DocumentFormat.OpenXml.Wordprocessing.Paragraph
Log Entry 11:15:59 AM Saturday, May 30, 2020: 
run: DocumentFormat.OpenXml.Wordprocessing.Run
Log Entry 11:15:59 AM Saturday, May 30, 2020: 
Text: Họ tên
Log Entry 11:15:59 AM Saturday, May 30, 2020: 
Text: Họ tên; s: Họ tên
Log Entry 11:15:59 AM Saturday, May 30, 2020: 
Cell: DocumentFormat.OpenXml.Wordprocessing.TableCell
Log Entry 11:15:59 AM Saturday, May 30, 2020: 
para: DocumentFormat.OpenXml.Wordprocessing.Paragraph
Log Entry 11:15:59 AM Saturday, May 30, 2020: 
run: DocumentFormat.OpenXml.Wordprocessing.Run
Log Entry 11:15:59 AM Saturday, May 30, 2020: 
run: DocumentFormat.OpenXml.Wordprocessing.Run
Log Entry 11:15:59 AM Saturday, May 30, 2020: 
run: DocumentFormat.OpenXml.Wordprocessing.Run
Log Entry 11:15:59 AM Saturday, May 30, 2020: 
run: DocumentFormat.OpenXml.Wordprocessing.Run
Log Entry 11:15:59 AM Saturday, May 30, 2020: 
Text: «Var:HU_EMPLOYEENAME»
Log Entry 11:15:59 AM Saturday, May 30, 2020: 
s «Var:HU_EMPLOYEENAME»; s1 HU_EMPLOYEENAME; ValS1 HU_EMPLOYEENAME
Log Entry 11:15:59 AM Saturday, May 30, 2020: 
Text: «Var:HU_EMPLOYEENAME»; s: HU_EMPLOYEENAME
Log Entry 11:15:59 AM Saturday, May 30, 2020: 
run: DocumentFormat.OpenXml.Wordprocessing.Run
Log Entry 11:15:59 AM Saturday, May 30, 2020: 
Cell: DocumentFormat.OpenXml.Wordprocessing.TableCell
Log Entry 11:15:59 AM Saturday, May 30, 2020: 
para: DocumentFormat.OpenXml.Wordprocessing.Paragraph
Log Entry 11:15:59 AM Saturday, May 30, 2020: 
Cell: DocumentFormat.OpenXml.Wordprocessing.TableCell
Log Entry 11:15:59 AM Saturday, May 30, 2020: 
para: DocumentFormat.OpenXml.Wordprocessing.Paragraph
Log Entry 11:15:59 AM Saturday, May 30, 2020: 
Row: DocumentFormat.OpenXml.Wordprocessing.TableRow
Log Entry 11:15:59 AM Saturday, May 30, 2020: 
Cell: DocumentFormat.OpenXml.Wordprocessing.TableCell
Log Entry 11:15:59 AM Saturday, May 30, 2020: 
para: DocumentFormat.OpenXml.Wordprocessing.Paragraph
Log Entry 11:15:59 AM Saturday, May 30, 2020: 
run: DocumentFormat.OpenXml.Wordprocessing.Run
Log Entry 11:15:59 AM Saturday, May 30, 2020: 
Text: Mã
Log Entry 11:15:59 AM Saturday, May 30, 2020: 
Text: Mã; s: Mã
Log Entry 11:15:59 AM Saturday, May 30, 2020: 
Cell: DocumentFormat.OpenXml.Wordprocessing.TableCell
Log Entry 11:15:59 AM Saturday, May 30, 2020: 
para: DocumentFormat.OpenXml.Wordprocessing.Paragraph
Log Entry 11:15:59 AM Saturday, May 30, 2020: 
run: DocumentFormat.OpenXml.Wordprocessing.Run
Log Entry 11:15:59 AM Saturday, May 30, 2020: 
run: DocumentFormat.OpenXml.Wordprocessing.Run
Log Entry 11:15:59 AM Saturday, May 30, 2020: 
run: DocumentFormat.OpenXml.Wordprocessing.Run
Log Entry 11:15:59 AM Saturday, May 30, 2020: 
run: DocumentFormat.OpenXml.Wordprocessing.Run
Log Entry 11:15:59 AM Saturday, May 30, 2020: 
Text: «Var:HU_EMPLOYEECODE»
Log Entry 11:15:59 AM Saturday, May 30, 2020: 
s «Var:HU_EMPLOYEECODE»; s1 HU_EMPLOYEECODE; ValS1 HU_EMPLOYEECODE
Log Entry 11:15:59 AM Saturday, May 30, 2020: 
Text: «Var:HU_EMPLOYEECODE»; s: HU_EMPLOYEECODE
Log Entry 11:15:59 AM Saturday, May 30, 2020: 
run: DocumentFormat.OpenXml.Wordprocessing.Run
Log Entry 11:15:59 AM Saturday, May 30, 2020: 
run: DocumentFormat.OpenXml.Wordprocessing.Run
Log Entry 11:15:59 AM Saturday, May 30, 2020: 
Text:  
Log Entry 11:15:59 AM Saturday, May 30, 2020: 
Text:  ; s:  
Log Entry 11:15:59 AM Saturday, May 30, 2020: 
Cell: DocumentFormat.OpenXml.Wordprocessing.TableCell
Log Entry 11:15:59 AM Saturday, May 30, 2020: 
para: DocumentFormat.OpenXml.Wordprocessing.Paragraph
Log Entry 11:15:59 AM Saturday, May 30, 2020: 
Cell: DocumentFormat.OpenXml.Wordprocessing.TableCell
Log Entry 11:15:59 AM Saturday, May 30, 2020: 
para: DocumentFormat.OpenXml.Wordprocessing.Paragraph
Log Entry 11:15:59 AM Saturday, May 30, 2020: 
Row: DocumentFormat.OpenXml.Wordprocessing.TableRow
Log Entry 11:15:59 AM Saturday, May 30, 2020: 
Cell: DocumentFormat.OpenXml.Wordprocessing.TableCell
Log Entry 11:15:59 AM Saturday, May 30, 2020: 
para: DocumentFormat.OpenXml.Wordprocessing.Paragraph
Log Entry 11:15:59 AM Saturday, May 30, 2020: 
run: DocumentFormat.OpenXml.Wordprocessing.Run
Log Entry 11:15:59 AM Saturday, May 30, 2020: 
Text: Đơn vị
Log Entry 11:15:59 AM Saturday, May 30, 2020: 
Text: Đơn vị; s: Đơn vị
Log Entry 11:15:59 AM Saturday, May 30, 2020: 
Cell: DocumentFormat.OpenXml.Wordprocessing.TableCell
Log Entry 11:15:59 AM Saturday, May 30, 2020: 
para: DocumentFormat.OpenXml.Wordprocessing.Paragraph
Log Entry 11:15:59 AM Saturday, May 30, 2020: 
run: DocumentFormat.OpenXml.Wordprocessing.Run
Log Entry 11:15:59 AM Saturday, May 30, 2020: 
run: DocumentFormat.OpenXml.Wordprocessing.Run
Log Entry 11:15:59 AM Saturday, May 30, 2020: 
run: DocumentFormat.OpenXml.Wordprocessing.Run
Log Entry 11:15:59 AM Saturday, May 30, 2020: 
run: DocumentFormat.OpenXml.Wordprocessing.Run
Log Entry 11:15:59 AM Saturday, May 30, 2020: 
Text: «Var:HU_ORGANIZATIONNAME»
Log Entry 11:15:59 AM Saturday, May 30, 2020: 
s «Var:HU_ORGANIZATIONNAME»; s1 HU_ORGANIZATIONNAME; ValS1 HU_ORGANIZATIONNAME
Log Entry 11:15:59 AM Saturday, May 30, 2020: 
Text: «Var:HU_ORGANIZATIONNAME»; s: HU_ORGANIZATIONNAME
Log Entry 11:15:59 AM Saturday, May 30, 2020: 
run: DocumentFormat.OpenXml.Wordprocessing.Run
Log Entry 11:15:59 AM Saturday, May 30, 2020: 
Cell: DocumentFormat.OpenXml.Wordprocessing.TableCell
Log Entry 11:15:59 AM Saturday, May 30, 2020: 
para: DocumentFormat.OpenXml.Wordprocessing.Paragraph
Log Entry 11:15:59 AM Saturday, May 30, 2020: 
Row: DocumentFormat.OpenXml.Wordprocessing.TableRow
Log Entry 11:15:59 AM Saturday, May 30, 2020: 
Cell: DocumentFormat.OpenXml.Wordprocessing.TableCell
Log Entry 11:15:59 AM Saturday, May 30, 2020: 
para: DocumentFormat.OpenXml.Wordprocessing.Paragraph
Log Entry 11:15:59 AM Saturday, May 30, 2020: 
run: DocumentFormat.OpenXml.Wordprocessing.Run
Log Entry 11:15:59 AM Saturday, May 30, 2020: 
Text: Phụ cấp
Log Entry 11:15:59 AM Saturday, May 30, 2020: 
Text: Phụ cấp; s: Phụ cấp
Log Entry 11:15:59 AM Saturday, May 30, 2020: 
Cell: DocumentFormat.OpenXml.Wordprocessing.TableCell
Log Entry 11:15:59 AM Saturday, May 30, 2020: 
para: DocumentFormat.OpenXml.Wordprocessing.Paragraph
Log Entry 11:15:59 AM Saturday, May 30, 2020: 
run: DocumentFormat.OpenXml.Wordprocessing.Run
Log Entry 11:15:59 AM Saturday, May 30, 2020: 
run: DocumentFormat.OpenXml.Wordprocessing.Run
Log Entry 11:15:59 AM Saturday, May 30, 2020: 
run: DocumentFormat.OpenXml.Wordprocessing.Run
Log Entry 11:15:59 AM Saturday, May 30, 2020: 
run: DocumentFormat.OpenXml.Wordprocessing.Run
Log Entry 11:15:59 AM Saturday, May 30, 2020: 
Text: «Var:ALLOWANCE»
Log Entry 11:15:59 AM Saturday, May 30, 2020: 
s «Var:ALLOWANCE»; s1 ALLOWANCE; ValS1 ALLOWANCE
Log Entry 11:15:59 AM Saturday, May 30, 2020: 
Text: «Var:ALLOWANCE»; s: ALLOWANCE
Log Entry 11:15:59 AM Saturday, May 30, 2020: 
run: DocumentFormat.OpenXml.Wordprocessing.Run
Log Entry 11:15:59 AM Saturday, May 30, 2020: 
Cell: DocumentFormat.OpenXml.Wordprocessing.TableCell
Log Entry 11:15:59 AM Saturday, May 30, 2020: 
para: DocumentFormat.OpenXml.Wordprocessing.Paragraph
Log Entry 11:15:59 AM Saturday, May 30, 2020: 
Cell: DocumentFormat.OpenXml.Wordprocessing.TableCell
Log Entry 11:15:59 AM Saturday, May 30, 2020: 
para: DocumentFormat.OpenXml.Wordprocessing.Paragraph
Log Entry 11:15:59 AM Saturday, May 30, 2020: 
Row: DocumentFormat.OpenXml.Wordprocessing.TableRow
Log Entry 11:15:59 AM Saturday, May 30, 2020: 
Cell: DocumentFormat.OpenXml.Wordprocessing.TableCell
Log Entry 11:15:59 AM Saturday, May 30, 2020: 
para: DocumentFormat.OpenXml.Wordprocessing.Paragraph
Log Entry 11:15:59 AM Saturday, May 30, 2020: 
run: DocumentFormat.OpenXml.Wordprocessing.Run
Log Entry 11:15:59 AM Saturday, May 30, 2020: 
Text: Tổng lương
Log Entry 11:15:59 AM Saturday, May 30, 2020: 
Text: Tổng lương; s: Tổng lương
Log Entry 11:15:59 AM Saturday, May 30, 2020: 
Cell: DocumentFormat.OpenXml.Wordprocessing.TableCell
Log Entry 11:15:59 AM Saturday, May 30, 2020: 
para: DocumentFormat.OpenXml.Wordprocessing.Paragraph
Log Entry 11:15:59 AM Saturday, May 30, 2020: 
run: DocumentFormat.OpenXml.Wordprocessing.Run
Log Entry 11:15:59 AM Saturday, May 30, 2020: 
run: DocumentFormat.OpenXml.Wordprocessing.Run
Log Entry 11:15:59 AM Saturday, May 30, 2020: 
run: DocumentFormat.OpenXml.Wordprocessing.Run
Log Entry 11:15:59 AM Saturday, May 30, 2020: 
run: DocumentFormat.OpenXml.Wordprocessing.Run
Log Entry 11:15:59 AM Saturday, May 30, 2020: 
Text: «Var:TOTAL»
Log Entry 11:15:59 AM Saturday, May 30, 2020: 
s «Var:TOTAL»; s1 TOTAL; ValS1 TOTAL
Log Entry 11:15:59 AM Saturday, May 30, 2020: 
Text: «Var:TOTAL»; s: TOTAL
Log Entry 11:15:59 AM Saturday, May 30, 2020: 
run: DocumentFormat.OpenXml.Wordprocessing.Run
Log Entry 11:15:59 AM Saturday, May 30, 2020: 
Cell: DocumentFormat.OpenXml.Wordprocessing.TableCell
Log Entry 11:15:59 AM Saturday, May 30, 2020: 
para: DocumentFormat.OpenXml.Wordprocessing.Paragraph
Log Entry 11:15:59 AM Saturday, May 30, 2020: 
Cell: DocumentFormat.OpenXml.Wordprocessing.TableCell
Log Entry 11:15:59 AM Saturday, May 30, 2020: 
para: DocumentFormat.OpenXml.Wordprocessing.Paragraph
Log Entry 11:15:59 AM Saturday, May 30, 2020: 
Row: DocumentFormat.OpenXml.Wordprocessing.TableRow
Log Entry 11:15:59 AM Saturday, May 30, 2020: 
Cell: DocumentFormat.OpenXml.Wordprocessing.TableCell
Log Entry 11:15:59 AM Saturday, May 30, 2020: 
para: DocumentFormat.OpenXml.Wordprocessing.Paragraph
Log Entry 11:15:59 AM Saturday, May 30, 2020: 
run: DocumentFormat.OpenXml.Wordprocessing.Run
Log Entry 11:15:59 AM Saturday, May 30, 2020: 
Text: Thuế
Log Entry 11:15:59 AM Saturday, May 30, 2020: 
Text: Thuế; s: Thuế
Log Entry 11:15:59 AM Saturday, May 30, 2020: 
Cell: DocumentFormat.OpenXml.Wordprocessing.TableCell
Log Entry 11:15:59 AM Saturday, May 30, 2020: 
para: DocumentFormat.OpenXml.Wordprocessing.Paragraph
Log Entry 11:15:59 AM Saturday, May 30, 2020: 
run: DocumentFormat.OpenXml.Wordprocessing.Run
Log Entry 11:15:59 AM Saturday, May 30, 2020: 
run: DocumentFormat.OpenXml.Wordprocessing.Run
Log Entry 11:15:59 AM Saturday, May 30, 2020: 
run: DocumentFormat.OpenXml.Wordprocessing.Run
Log Entry 11:15:59 AM Saturday, May 30, 2020: 
run: DocumentFormat.OpenXml.Wordprocessing.Run
Log Entry 11:15:59 AM Saturday, May 30, 2020: 
Text: «Var:PERSONTAX»
Log Entry 11:15:59 AM Saturday, May 30, 2020: 
s «Var:PERSONTAX»; s1 PERSONTAX; ValS1 PERSONTAX
Log Entry 11:15:59 AM Saturday, May 30, 2020: 
Text: «Var:PERSONTAX»; s: PERSONTAX
Log Entry 11:15:59 AM Saturday, May 30, 2020: 
run: DocumentFormat.OpenXml.Wordprocessing.Run
Log Entry 11:15:59 AM Saturday, May 30, 2020: 
Cell: DocumentFormat.OpenXml.Wordprocessing.TableCell
Log Entry 11:15:59 AM Saturday, May 30, 2020: 
para: DocumentFormat.OpenXml.Wordprocessing.Paragraph
Log Entry 11:15:59 AM Saturday, May 30, 2020: 
Cell: DocumentFormat.OpenXml.Wordprocessing.TableCell
Log Entry 11:15:59 AM Saturday, May 30, 2020: 
para: DocumentFormat.OpenXml.Wordprocessing.Paragraph
Log Entry 11:15:59 AM Saturday, May 30, 2020: 
Row: DocumentFormat.OpenXml.Wordprocessing.TableRow
Log Entry 11:15:59 AM Saturday, May 30, 2020: 
Cell: DocumentFormat.OpenXml.Wordprocessing.TableCell
Log Entry 11:15:59 AM Saturday, May 30, 2020: 
para: DocumentFormat.OpenXml.Wordprocessing.Paragraph
Log Entry 11:15:59 AM Saturday, May 30, 2020: 
Cell: DocumentFormat.OpenXml.Wordprocessing.TableCell
Log Entry 11:15:59 AM Saturday, May 30, 2020: 
para: DocumentFormat.OpenXml.Wordprocessing.Paragraph
Log Entry 11:15:59 AM Saturday, May 30, 2020: 
Cell: DocumentFormat.OpenXml.Wordprocessing.TableCell
Log Entry 11:15:59 AM Saturday, May 30, 2020: 
para: DocumentFormat.OpenXml.Wordprocessing.Paragraph
Log Entry 11:15:59 AM Saturday, May 30, 2020: 
Cell: DocumentFormat.OpenXml.Wordprocessing.TableCell
Log Entry 11:15:59 AM Saturday, May 30, 2020: 
para: DocumentFormat.OpenXml.Wordprocessing.Paragraph
Log Entry 11:15:59 AM Saturday, May 30, 2020: 
Row: DocumentFormat.OpenXml.Wordprocessing.TableRow
Log Entry 11:15:59 AM Saturday, May 30, 2020: 
Cell: DocumentFormat.OpenXml.Wordprocessing.TableCell
Log Entry 11:15:59 AM Saturday, May 30, 2020: 
para: DocumentFormat.OpenXml.Wordprocessing.Paragraph
Log Entry 11:15:59 AM Saturday, May 30, 2020: 
run: DocumentFormat.OpenXml.Wordprocessing.Run
Log Entry 11:15:59 AM Saturday, May 30, 2020: 
Text: STT
Log Entry 11:15:59 AM Saturday, May 30, 2020: 
Text: STT; s: STT
Log Entry 11:15:59 AM Saturday, May 30, 2020: 
Cell: DocumentFormat.OpenXml.Wordprocessing.TableCell
Log Entry 11:15:59 AM Saturday, May 30, 2020: 
para: DocumentFormat.OpenXml.Wordprocessing.Paragraph
Log Entry 11:15:59 AM Saturday, May 30, 2020: 
run: DocumentFormat.OpenXml.Wordprocessing.Run
Log Entry 11:15:59 AM Saturday, May 30, 2020: 
Text: Tên phụ cấp
Log Entry 11:15:59 AM Saturday, May 30, 2020: 
Text: Tên phụ cấp; s: Tên phụ cấp
Log Entry 11:15:59 AM Saturday, May 30, 2020: 
Cell: DocumentFormat.OpenXml.Wordprocessing.TableCell
Log Entry 11:15:59 AM Saturday, May 30, 2020: 
para: DocumentFormat.OpenXml.Wordprocessing.Paragraph
Log Entry 11:15:59 AM Saturday, May 30, 2020: 
run: DocumentFormat.OpenXml.Wordprocessing.Run
Log Entry 11:15:59 AM Saturday, May 30, 2020: 
Text: Số tiền
Log Entry 11:15:59 AM Saturday, May 30, 2020: 
Text: Số tiền; s: Số tiền
Log Entry 11:15:59 AM Saturday, May 30, 2020: 
Cell: DocumentFormat.OpenXml.Wordprocessing.TableCell
Log Entry 11:15:59 AM Saturday, May 30, 2020: 
para: DocumentFormat.OpenXml.Wordprocessing.Paragraph
Log Entry 11:15:59 AM Saturday, May 30, 2020: 
run: DocumentFormat.OpenXml.Wordprocessing.Run
Log Entry 11:15:59 AM Saturday, May 30, 2020: 
Text: Ngày
Log Entry 11:15:59 AM Saturday, May 30, 2020: 
Text: Ngày; s: Ngày
Log Entry 11:15:59 AM Saturday, May 30, 2020: 
Row: DocumentFormat.OpenXml.Wordprocessing.TableRow
Log Entry 11:15:59 AM Saturday, May 30, 2020: 
Cell: DocumentFormat.OpenXml.Wordprocessing.TableCell
Log Entry 11:15:59 AM Saturday, May 30, 2020: 
para: DocumentFormat.OpenXml.Wordprocessing.Paragraph
Log Entry 11:15:59 AM Saturday, May 30, 2020: 
run: DocumentFormat.OpenXml.Wordprocessing.Run
Log Entry 11:15:59 AM Saturday, May 30, 2020: 
run: DocumentFormat.OpenXml.Wordprocessing.Run
Log Entry 11:15:59 AM Saturday, May 30, 2020: 
run: DocumentFormat.OpenXml.Wordprocessing.Run
Log Entry 11:15:59 AM Saturday, May 30, 2020: 
run: DocumentFormat.OpenXml.Wordprocessing.Run
Log Entry 11:15:59 AM Saturday, May 30, 2020: 
Text: «TableStart:DATA»
Log Entry 11:15:59 AM Saturday, May 30, 2020: 
Text: «TableStart:DATA»; s: «TableStart:DATA»
Log Entry 11:15:59 AM Saturday, May 30, 2020: 
run: DocumentFormat.OpenXml.Wordprocessing.Run
Log Entry 11:15:59 AM Saturday, May 30, 2020: 
run: DocumentFormat.OpenXml.Wordprocessing.Run
Log Entry 11:15:59 AM Saturday, May 30, 2020: 
run: DocumentFormat.OpenXml.Wordprocessing.Run
Log Entry 11:15:59 AM Saturday, May 30, 2020: 
run: DocumentFormat.OpenXml.Wordprocessing.Run
Log Entry 11:15:59 AM Saturday, May 30, 2020: 
run: DocumentFormat.OpenXml.Wordprocessing.Run
Log Entry 11:15:59 AM Saturday, May 30, 2020: 
Text: «STT»
Log Entry 11:15:59 AM Saturday, May 30, 2020: 
Text: «STT»; s: «STT»
Log Entry 11:15:59 AM Saturday, May 30, 2020: 
run: DocumentFormat.OpenXml.Wordprocessing.Run
Log Entry 11:15:59 AM Saturday, May 30, 2020: 
Cell: DocumentFormat.OpenXml.Wordprocessing.TableCell
Log Entry 11:15:59 AM Saturday, May 30, 2020: 
para: DocumentFormat.OpenXml.Wordprocessing.Paragraph
Log Entry 11:15:59 AM Saturday, May 30, 2020: 
run: DocumentFormat.OpenXml.Wordprocessing.Run
Log Entry 11:15:59 AM Saturday, May 30, 2020: 
run: DocumentFormat.OpenXml.Wordprocessing.Run
Log Entry 11:15:59 AM Saturday, May 30, 2020: 
run: DocumentFormat.OpenXml.Wordprocessing.Run
Log Entry 11:15:59 AM Saturday, May 30, 2020: 
run: DocumentFormat.OpenXml.Wordprocessing.Run
Log Entry 11:15:59 AM Saturday, May 30, 2020: 
Text: «ALLOWANCENAME»
Log Entry 11:15:59 AM Saturday, May 30, 2020: 
Text: «ALLOWANCENAME»; s: «ALLOWANCENAME»
Log Entry 11:15:59 AM Saturday, May 30, 2020: 
run: DocumentFormat.OpenXml.Wordprocessing.Run
Log Entry 11:15:59 AM Saturday, May 30, 2020: 
Cell: DocumentFormat.OpenXml.Wordprocessing.TableCell
Log Entry 11:15:59 AM Saturday, May 30, 2020: 
para: DocumentFormat.OpenXml.Wordprocessing.Paragraph
Log Entry 11:15:59 AM Saturday, May 30, 2020: 
run: DocumentFormat.OpenXml.Wordprocessing.Run
Log Entry 11:15:59 AM Saturday, May 30, 2020: 
run: DocumentFormat.OpenXml.Wordprocessing.Run
Log Entry 11:15:59 AM Saturday, May 30, 2020: 
run: DocumentFormat.OpenXml.Wordprocessing.Run
Log Entry 11:15:59 AM Saturday, May 30, 2020: 
run: DocumentFormat.OpenXml.Wordprocessing.Run
Log Entry 11:15:59 AM Saturday, May 30, 2020: 
Text: «ALLOWANCE»
Log Entry 11:15:59 AM Saturday, May 30, 2020: 
Text: «ALLOWANCE»; s: «ALLOWANCE»
Log Entry 11:15:59 AM Saturday, May 30, 2020: 
run: DocumentFormat.OpenXml.Wordprocessing.Run
Log Entry 11:15:59 AM Saturday, May 30, 2020: 
Cell: DocumentFormat.OpenXml.Wordprocessing.TableCell
Log Entry 11:15:59 AM Saturday, May 30, 2020: 
para: DocumentFormat.OpenXml.Wordprocessing.Paragraph
Log Entry 11:15:59 AM Saturday, May 30, 2020: 
run: DocumentFormat.OpenXml.Wordprocessing.Run
Log Entry 11:15:59 AM Saturday, May 30, 2020: 
run: DocumentFormat.OpenXml.Wordprocessing.Run
Log Entry 11:15:59 AM Saturday, May 30, 2020: 
run: DocumentFormat.OpenXml.Wordprocessing.Run
Log Entry 11:15:59 AM Saturday, May 30, 2020: 
run: DocumentFormat.OpenXml.Wordprocessing.Run
Log Entry 11:15:59 AM Saturday, May 30, 2020: 
Text: «ALLOWANCEDATE»
Log Entry 11:15:59 AM Saturday, May 30, 2020: 
Text: «ALLOWANCEDATE»; s: «ALLOWANCEDATE»
Log Entry 11:15:59 AM Saturday, May 30, 2020: 
run: DocumentFormat.OpenXml.Wordprocessing.Run
Log Entry 11:15:59 AM Saturday, May 30, 2020: 
run: DocumentFormat.OpenXml.Wordprocessing.Run
Log Entry 11:15:59 AM Saturday, May 30, 2020: 
Text:  
Log Entry 11:15:59 AM Saturday, May 30, 2020: 
Text:  ; s:  
Log Entry 11:15:59 AM Saturday, May 30, 2020: 
run: DocumentFormat.OpenXml.Wordprocessing.Run
Log Entry 11:15:59 AM Saturday, May 30, 2020: 
run: DocumentFormat.OpenXml.Wordprocessing.Run
Log Entry 11:15:59 AM Saturday, May 30, 2020: 
run: DocumentFormat.OpenXml.Wordprocessing.Run
Log Entry 11:15:59 AM Saturday, May 30, 2020: 
run: DocumentFormat.OpenXml.Wordprocessing.Run
Log Entry 11:15:59 AM Saturday, May 30, 2020: 
Text: «TableEnd:DATA»
Log Entry 11:15:59 AM Saturday, May 30, 2020: 
Text: «TableEnd:DATA»; s: «TableEnd:DATA»
Log Entry 11:15:59 AM Saturday, May 30, 2020: 
DATA_Rows: 1
Log Entry 11:15:59 AM Saturday, May 30, 2020: 
DATA_Rows: 2
Log Entry 11:15:59 AM Saturday, May 30, 2020: 
run: DocumentFormat.OpenXml.Wordprocessing.Run
Log Entry 11:15:59 AM Saturday, May 30, 2020: 
Row: DocumentFormat.OpenXml.Wordprocessing.TableRow
Log Entry 11:15:59 AM Saturday, May 30, 2020: 
Cell: DocumentFormat.OpenXml.Wordprocessing.TableCell
Log Entry 11:15:59 AM Saturday, May 30, 2020: 
para: DocumentFormat.OpenXml.Wordprocessing.Paragraph
Log Entry 11:15:59 AM Saturday, May 30, 2020: 
run: DocumentFormat.OpenXml.Wordprocessing.Run
Log Entry 11:15:59 AM Saturday, May 30, 2020: 
Text: Tổng
Log Entry 11:15:59 AM Saturday, May 30, 2020: 
Text: Tổng; s: Tổng
Log Entry 11:15:59 AM Saturday, May 30, 2020: 
Cell: DocumentFormat.OpenXml.Wordprocessing.TableCell
Log Entry 11:15:59 AM Saturday, May 30, 2020: 
para: DocumentFormat.OpenXml.Wordprocessing.Paragraph
Log Entry 11:15:59 AM Saturday, May 30, 2020: 
run: DocumentFormat.OpenXml.Wordprocessing.Run
Log Entry 11:15:59 AM Saturday, May 30, 2020: 
Text:  
Log Entry 11:15:59 AM Saturday, May 30, 2020: 
Text:  ; s:  
Log Entry 11:15:59 AM Saturday, May 30, 2020: 
Cell: DocumentFormat.OpenXml.Wordprocessing.TableCell
Log Entry 11:15:59 AM Saturday, May 30, 2020: 
para: DocumentFormat.OpenXml.Wordprocessing.Paragraph
Log Entry 11:15:59 AM Saturday, May 30, 2020: 
run: DocumentFormat.OpenXml.Wordprocessing.Run
Log Entry 11:15:59 AM Saturday, May 30, 2020: 
Text: 0
Log Entry 11:15:59 AM Saturday, May 30, 2020: 
Text: 0; s: 0
Log Entry 11:15:59 AM Saturday, May 30, 2020: 
Cell: DocumentFormat.OpenXml.Wordprocessing.TableCell
Log Entry 11:15:59 AM Saturday, May 30, 2020: 
para: DocumentFormat.OpenXml.Wordprocessing.Paragraph
Log Entry 11:15:59 AM Saturday, May 30, 2020: 
run: DocumentFormat.OpenXml.Wordprocessing.Run
Log Entry 11:15:59 AM Saturday, May 30, 2020: 
Text:  
Log Entry 11:15:59 AM Saturday, May 30, 2020: 
Text:  ; s:  
Log Entry 11:15:59 AM Saturday, May 30, 2020: 
para: DocumentFormat.OpenXml.Wordprocessing.Paragraph
Log Entry 11:17:20 AM Saturday, May 30, 2020: 
Table: DocumentFormat.OpenXml.Wordprocessing.Table
Log Entry 11:17:20 AM Saturday, May 30, 2020: 
Table: DocumentFormat.OpenXml.Wordprocessing.Table
Log Entry 11:17:20 AM Saturday, May 30, 2020: 
Row: DocumentFormat.OpenXml.Wordprocessing.TableRow
Log Entry 11:17:20 AM Saturday, May 30, 2020: 
Cell: DocumentFormat.OpenXml.Wordprocessing.TableCell
Log Entry 11:17:20 AM Saturday, May 30, 2020: 
para: DocumentFormat.OpenXml.Wordprocessing.Paragraph
Log Entry 11:17:20 AM Saturday, May 30, 2020: 
run: DocumentFormat.OpenXml.Wordprocessing.Run
Log Entry 11:17:20 AM Saturday, May 30, 2020: 
Text: PHIẾU LƯƠNG
Log Entry 11:17:57 AM Saturday, May 30, 2020: 
Text: PHIẾU LƯƠNG; s: PHIẾU LƯƠNG
Log Entry 11:18:04 AM Saturday, May 30, 2020: 
Row: DocumentFormat.OpenXml.Wordprocessing.TableRow
Log Entry 11:18:04 AM Saturday, May 30, 2020: 
Cell: DocumentFormat.OpenXml.Wordprocessing.TableCell
Log Entry 11:18:04 AM Saturday, May 30, 2020: 
para: DocumentFormat.OpenXml.Wordprocessing.Paragraph
Log Entry 11:18:04 AM Saturday, May 30, 2020: 
Cell: DocumentFormat.OpenXml.Wordprocessing.TableCell
Log Entry 11:18:04 AM Saturday, May 30, 2020: 
para: DocumentFormat.OpenXml.Wordprocessing.Paragraph
Log Entry 11:18:04 AM Saturday, May 30, 2020: 
Cell: DocumentFormat.OpenXml.Wordprocessing.TableCell
Log Entry 11:18:04 AM Saturday, May 30, 2020: 
para: DocumentFormat.OpenXml.Wordprocessing.Paragraph
Log Entry 11:18:04 AM Saturday, May 30, 2020: 
Cell: DocumentFormat.OpenXml.Wordprocessing.TableCell
Log Entry 11:18:04 AM Saturday, May 30, 2020: 
para: DocumentFormat.OpenXml.Wordprocessing.Paragraph
Log Entry 11:18:04 AM Saturday, May 30, 2020: 
Row: DocumentFormat.OpenXml.Wordprocessing.TableRow
Log Entry 11:18:04 AM Saturday, May 30, 2020: 
Cell: DocumentFormat.OpenXml.Wordprocessing.TableCell
Log Entry 11:18:04 AM Saturday, May 30, 2020: 
para: DocumentFormat.OpenXml.Wordprocessing.Paragraph
Log Entry 11:18:04 AM Saturday, May 30, 2020: 
run: DocumentFormat.OpenXml.Wordprocessing.Run
Log Entry 11:18:04 AM Saturday, May 30, 2020: 
Text: Kỳ lương
Log Entry 11:18:14 AM Saturday, May 30, 2020: 
Text: Kỳ lương; s: Kỳ lương
Log Entry 11:18:14 AM Saturday, May 30, 2020: 
Cell: DocumentFormat.OpenXml.Wordprocessing.TableCell
Log Entry 11:18:14 AM Saturday, May 30, 2020: 
para: DocumentFormat.OpenXml.Wordprocessing.Paragraph
Log Entry 11:18:14 AM Saturday, May 30, 2020: 
run: DocumentFormat.OpenXml.Wordprocessing.Run
Log Entry 11:18:14 AM Saturday, May 30, 2020: 
run: DocumentFormat.OpenXml.Wordprocessing.Run
Log Entry 11:18:14 AM Saturday, May 30, 2020: 
run: DocumentFormat.OpenXml.Wordprocessing.Run
Log Entry 11:18:14 AM Saturday, May 30, 2020: 
run: DocumentFormat.OpenXml.Wordprocessing.Run
Log Entry 11:18:14 AM Saturday, May 30, 2020: 
Text: «Var:AT_PERIODNAME»
Log Entry 11:18:42 AM Saturday, May 30, 2020: 
s «Var:AT_PERIODNAME»; s1 AT_PERIODNAME; ValS1 AT_PERIODNAME
Log Entry 11:18:42 AM Saturday, May 30, 2020: 
Text: «Var:AT_PERIODNAME»; s: AT_PERIODNAME
Log Entry 11:18:42 AM Saturday, May 30, 2020: 
run: DocumentFormat.OpenXml.Wordprocessing.Run
Log Entry 11:18:42 AM Saturday, May 30, 2020: 
Cell: DocumentFormat.OpenXml.Wordprocessing.TableCell
Log Entry 11:18:42 AM Saturday, May 30, 2020: 
para: DocumentFormat.OpenXml.Wordprocessing.Paragraph
Log Entry 11:18:42 AM Saturday, May 30, 2020: 
Cell: DocumentFormat.OpenXml.Wordprocessing.TableCell
Log Entry 11:18:42 AM Saturday, May 30, 2020: 
para: DocumentFormat.OpenXml.Wordprocessing.Paragraph
Log Entry 11:18:42 AM Saturday, May 30, 2020: 
Row: DocumentFormat.OpenXml.Wordprocessing.TableRow
Log Entry 11:18:42 AM Saturday, May 30, 2020: 
Cell: DocumentFormat.OpenXml.Wordprocessing.TableCell
Log Entry 11:18:42 AM Saturday, May 30, 2020: 
para: DocumentFormat.OpenXml.Wordprocessing.Paragraph
Log Entry 11:18:42 AM Saturday, May 30, 2020: 
run: DocumentFormat.OpenXml.Wordprocessing.Run
Log Entry 11:18:42 AM Saturday, May 30, 2020: 
Text: Họ tên
Log Entry 11:18:42 AM Saturday, May 30, 2020: 
Text: Họ tên; s: Họ tên
Log Entry 11:18:42 AM Saturday, May 30, 2020: 
Cell: DocumentFormat.OpenXml.Wordprocessing.TableCell
Log Entry 11:18:42 AM Saturday, May 30, 2020: 
para: DocumentFormat.OpenXml.Wordprocessing.Paragraph
Log Entry 11:18:42 AM Saturday, May 30, 2020: 
run: DocumentFormat.OpenXml.Wordprocessing.Run
Log Entry 11:18:42 AM Saturday, May 30, 2020: 
run: DocumentFormat.OpenXml.Wordprocessing.Run
Log Entry 11:18:42 AM Saturday, May 30, 2020: 
run: DocumentFormat.OpenXml.Wordprocessing.Run
Log Entry 11:18:42 AM Saturday, May 30, 2020: 
run: DocumentFormat.OpenXml.Wordprocessing.Run
Log Entry 11:18:42 AM Saturday, May 30, 2020: 
Text: «Var:HU_EMPLOYEENAME»